[debug] [2017-10-16T00:36:16.966Z] ----------------------------------------------------------------------
[debug] [2017-10-16T00:36:16.971Z] Command:       /usr/local/Cellar/node/8.2.1/bin/node /Users/Macbook/code/apps/github-battle/node_modules/.bin/firebase init
[debug] [2017-10-16T00:36:16.973Z] CLI Version:   3.13.1
[debug] [2017-10-16T00:36:16.973Z] Platform:      darwin
[debug] [2017-10-16T00:36:16.973Z] Node Version:  v8.2.1
[debug] [2017-10-16T00:36:16.974Z] Time:          Sun Oct 15 2017 20:36:16 GMT-0400 (EDT)
[debug] [2017-10-16T00:36:16.974Z] ----------------------------------------------------------------------
[debug] 
[debug] [2017-10-16T00:36:16.999Z] > command requires scopes: ["email","openid","https://www.googleapis.com/auth/cloudplatformprojects.readonly","https://www.googleapis.com/auth/firebase"]
[debug] [2017-10-16T00:36:17.000Z] > authorizing via signed-in user
[info] 
     🔥🔥🔥🔥🔥🔥🔥🔥 🔥🔥🔥🔥 🔥🔥🔥🔥🔥🔥🔥🔥  🔥🔥🔥🔥🔥🔥🔥🔥 🔥🔥🔥🔥🔥🔥🔥🔥     🔥🔥🔥     🔥🔥🔥🔥🔥🔥  🔥🔥🔥🔥🔥🔥🔥🔥
     🔥🔥        🔥🔥  🔥🔥     🔥🔥 🔥🔥       🔥🔥     🔥🔥  🔥🔥   🔥🔥  🔥🔥       🔥🔥
     🔥🔥🔥🔥🔥🔥    🔥🔥  🔥🔥🔥🔥🔥🔥🔥🔥  🔥🔥🔥🔥🔥🔥   🔥🔥🔥🔥🔥🔥🔥🔥  🔥🔥🔥🔥🔥🔥🔥🔥🔥  🔥🔥🔥🔥🔥🔥  🔥🔥🔥🔥🔥🔥
     🔥🔥        🔥🔥  🔥🔥    🔥🔥  🔥🔥       🔥🔥     🔥🔥 🔥🔥     🔥🔥       🔥🔥 🔥🔥
     🔥🔥       🔥🔥🔥🔥 🔥🔥     🔥🔥 🔥🔥🔥🔥🔥🔥🔥🔥 🔥🔥🔥🔥🔥🔥🔥🔥  🔥🔥     🔥🔥  🔥🔥🔥🔥🔥🔥  🔥🔥🔥🔥🔥🔥🔥🔥

You're about to initialize a Firebase project in this directory:

  /Users/Macbook/code/apps/github-battle

[info] 
=== Project Setup
[info] 
[info] First, let's associate this project directory with a Firebase project.
[info] You can create multiple project aliases by running firebase use --add, 
[info] but for now we'll just set up a default project.
[info] 
[debug] [2017-10-16T00:39:59.368Z] > refreshing access token with scopes: ["email","https://www.googleapis.com/auth/cloudplatformprojects.readonly","https://www.googleapis.com/auth/firebase","openid"]
[debug] [2017-10-16T00:39:59.368Z] >>> HTTP REQUEST POST https://www.googleapis.com/oauth2/v3/token { refresh_token: '1/1cVzvdJD6pbpNgc0i_85uNxPnjnRm_sfPD8lfJT2Eh1o7be6ROhwVbgqLKa8xUrH',
  client_id: '563584335869-fgrhgmd47bqnekij5i8b5pr03ho849e6.apps.googleusercontent.com',
  client_secret: 'j9iVZfS8kkCEFUPaAeJV0sAi',
  grant_type: 'refresh_token',
  scope: 'email https://www.googleapis.com/auth/cloudplatformprojects.readonly https://www.googleapis.com/auth/firebase openid' } 
 Sun Oct 15 2017 20:39:59 GMT-0400 (EDT)
[debug] [2017-10-16T00:39:59.575Z] <<< HTTP RESPONSE 200
[debug] [2017-10-16T00:39:59.589Z] >>> HTTP REQUEST GET https://admin.firebase.com/v1/projects  
 Sun Oct 15 2017 20:39:59 GMT-0400 (EDT)
[debug] [2017-10-16T00:40:00.079Z] <<< HTTP RESPONSE 200
